Launch date --- Sat Nov 29 11:17:52 PM CET 2025 ---
Traceback (most recent call last):
  File "/home/gwenn/Desktop/Projet/collecte.py", line 146, in <module>
    complete_data, qubit_data, gates_data = full_collect(service)
                                            ^^^^^^^^^^^^^^^^^^^^^
  File "/home/gwenn/Desktop/Projet/collecte.py", line 116, in full_collect
    df_tot, df_qub, df_gates = collect_data_backend(back)
                               ^^^^^^^^^^^^^^^^^^^^^^^^^^
  File "/home/gwenn/Desktop/Projet/collecte.py", line 101, in collect_data_backend
    df_gates = pd.DataFrame(
               ^^^^^^^^^^^^^
  File "/home/gwenn/Desktop/Projet/research-project/lib/python3.12/site-packages/pandas/core/frame.py", line 831, in __init__
    mgr = ndarray_to_mgr(
          ^^^^^^^^^^^^^^^
  File "/home/gwenn/Desktop/Projet/research-project/lib/python3.12/site-packages/pandas/core/internals/construction.py", line 336, in ndarray_to_mgr
    _check_values_indices_shape_match(values, index, columns)
  File "/home/gwenn/Desktop/Projet/research-project/lib/python3.12/site-packages/pandas/core/internals/construction.py", line 420, in _check_values_indices_shape_match
    raise ValueError(f"Shape of passed values is {passed}, indices imply {implied}")
ValueError: Shape of passed values is (156, 20), indices imply (156, 12)
1. Adding files to the remote git repository...
