Launch date --- Sat Nov 29 11:09:05 PM CET 2025 ---
Traceback (most recent call last):
  File "/home/gwenn/Desktop/Projet/merge_json.py", line 27, in <module>
    combineJson("qubit")
  File "/home/gwenn/Desktop/Projet/merge_json.py", line 12, in combineJson
    elements = os.listdir(folder)
               ^^^^^^^^^^^^^^^^^^
FileNotFoundError: [Errno 2] No such file or directory: 'data_json/'
Launch date --- Sat Nov 29 11:09:33 PM CET 2025 ---
Traceback (most recent call last):
  File "/home/gwenn/Desktop/Projet/merge_json.py", line 27, in <module>
    combineJson("qubit")
  File "/home/gwenn/Desktop/Projet/merge_json.py", line 12, in combineJson
    elements = os.listdir(folder)
               ^^^^^^^^^^^^^^^^^^
FileNotFoundError: [Errno 2] No such file or directory: 'data_json/'
Launch date --- Sat Nov 29 11:09:39 PM CET 2025 ---
Traceback (most recent call last):
  File "/home/gwenn/Desktop/Projet/merge_json.py", line 27, in <module>
    combineJson("qubit")
  File "/home/gwenn/Desktop/Projet/merge_json.py", line 12, in combineJson
    elements = os.listdir(folder)
               ^^^^^^^^^^^^^^^^^^
FileNotFoundError: [Errno 2] No such file or directory: 'data_json/'
Launch date --- Sat Nov 29 11:10:01 PM CET 2025 ---
ibm_backends_qubit_2025-11-29_22:10:11.json
ibm_backends_qubit_2025-11-29_22:20:10.json
ibm_backends_qubit_2025-11-29_22:22:10.json
ibm_backends_qubit_2025-11-29_22:29:10.json
ibm_backends_qubit_2025-11-29_22:46:09.json
ibm_backends_qubit_2025-11-29_22:42:10.json
ibm_backends_qubit_2025-11-29_22:25:09.json
ibm_backends_qubit_2025-11-29_22:13:10.json
ibm_backends_qubit_2025-11-29_22:04:10.json
ibm_backends_qubit_2025-11-29_22:08:09.json
ibm_backends_qubit_2025-11-29_21:26:04.json
ibm_backends_qubit_2025-11-29_22:15:10.json
ibm_backends_qubit_2025-11-29_22:37:10.json
ibm_backends_qubit_2025-11-29_22:36:10.json
ibm_backends_qubit_2025-11-29_22:14:10.json
ibm_backends_qubit_2025-11-29_22:05:10.json
ibm_backends_qubit_2025-11-29_22:17:09.json
ibm_backends_qubit_2025-11-29_22:12:10.json
ibm_backends_qubit_2025-11-29_22:44:09.json
ibm_backends_qubit_2025-11-29_22:34:10.json
ibm_backends_qubit_2025-11-29_22:19:10.json
ibm_backends_qubit_2025-11-29_22:07:12.json
ibm_backends_qubit_2025-11-29_22:09:09.json
ibm_backends_qubit_2025-11-29_22:28:09.json
ibm_backends_qubit_2025-11-29_22:31:09.json
ibm_backends_qubit_2025-11-29_22:38:09.json
ibm_backends_qubit_2025-11-29_22:23:10.json
ibm_backends_qubit_2025-11-29_22:06:09.json
ibm_backends_qubit_2025-11-29_22:24:09.json
ibm_backends_qubit_2025-11-29_21:45:26.json
ibm_backends_qubit_2025-11-29_22:33:09.json
ibm_backends_qubit_2025-11-29_22:32:09.json
ibm_backends_qubit_2025-11-29_22:41:09.json
ibm_backends_qubit_2025-11-29_22:26:10.json
ibm_backends_qubit_2025-11-29_22:11:10.json
ibm_backends_qubit_2025-11-29_23:07:08.json
ibm_backends_qubit_2025-11-29_22:40:11.json
ibm_backends_qubit_2025-11-29_22:39:10.json
ibm_backends_qubit_2025-11-29_22:16:10.json
ibm_backends_qubit_2025-11-29_21:45:37.json
ibm_backends_qubit_2025-11-29_22:18:09.json
ibm_backends_qubit_2025-11-29_22:21:11.json
ibm_backends_qubit_2025-11-29_22:43:09.json
ibm_backends_qubit_2025-11-29_22:35:09.json
ibm_backends_qubit_2025-11-29_23:03:49.json
ibm_backends_qubit_2025-11-29_22:27:11.json
ibm_backends_qubit_2025-11-29_22:45:11.json
ibm_backends_qubit_2025-11-29_22:30:10.json
ibm_backends_complet_2025-11-29_22:41:09.json
ibm_backends_complet_2025-11-29_22:25:09.json
ibm_backends_complet_2025-11-29_22:14:10.json
ibm_backends_complet_2025-11-29_22:07:12.json
ibm_backends_complet_2025-11-29_22:18:09.json
ibm_backends_complet_2025-11-29_22:23:10.json
ibm_backends_complet_2025-11-29_21:45:37.json
ibm_backends_complet_2025-11-29_22:43:09.json
ibm_backends_complet_2025-11-29_22:27:11.json
ibm_backends_complet_2025-11-29_22:04:10.json
ibm_backends_complet_2025-11-29_23:03:49.json
ibm_backends_complet_2025-11-29_22:29:10.json
ibm_backends_complet_2025-11-29_22:44:09.json
ibm_backends_complet_2025-11-29_22:32:09.json
ibm_backends_complet_2025-11-29_22:11:10.json
ibm_backends_complet_2025-11-29_22:31:09.json
ibm_backends_complet_2025-11-29_22:26:10.json
ibm_backends_complet_2025-11-29_22:28:09.json
ibm_backends_complet_2025-11-29_22:17:09.json
ibm_backends_complet_2025-11-29_22:20:10.json
ibm_backends_complet_2025-11-29_21:26:04.json
ibm_backends_complet_2025-11-29_22:06:09.json
ibm_backends_complet_2025-11-29_21:45:26.json
ibm_backends_complet_2025-11-29_22:08:09.json
ibm_backends_complet_2025-11-29_22:39:10.json
ibm_backends_complet_2025-11-29_22:16:10.json
ibm_backends_complet_2025-11-29_22:22:10.json
ibm_backends_complet_2025-11-29_22:46:09.json
ibm_backends_complet_2025-11-29_22:45:11.json
ibm_backends_complet_2025-11-29_23:07:08.json
ibm_backends_complet_2025-11-29_22:15:10.json
ibm_backends_complet_2025-11-29_22:35:09.json
ibm_backends_complet_2025-11-29_22:38:09.json
ibm_backends_complet_2025-11-29_22:37:09.json
ibm_backends_complet_2025-11-29_22:05:10.json
ibm_backends_complet_2025-11-29_22:12:10.json
ibm_backends_complet_2025-11-29_22:36:10.json
ibm_backends_complet_2025-11-29_22:19:10.json
ibm_backends_complet_2025-11-29_22:21:11.json
ibm_backends_complet_2025-11-29_22:09:09.json
ibm_backends_complet_2025-11-29_22:13:10.json
ibm_backends_complet_2025-11-29_22:30:10.json
ibm_backends_complet_2025-11-29_22:33:09.json
ibm_backends_complet_2025-11-29_22:34:10.json
ibm_backends_complet_2025-11-29_22:40:11.json
ibm_backends_complet_2025-11-29_22:24:09.json
ibm_backends_complet_2025-11-29_22:42:10.json
ibm_backends_complet_2025-11-29_22:10:11.json
ibm_backends_gates_2025-11-29_22:41:09.json
ibm_backends_gates_2025-11-29_22:21:11.json
ibm_backends_gates_2025-11-29_22:31:09.json
ibm_backends_gates_2025-11-29_22:27:11.json
ibm_backends_gates_2025-11-29_22:24:09.json
ibm_backends_gates_2025-11-29_23:03:49.json
ibm_backends_gates_2025-11-29_21:45:26.json
ibm_backends_gates_2025-11-29_22:29:10.json
ibm_backends_gates_2025-11-29_22:17:09.json
ibm_backends_gates_2025-11-29_22:36:10.json
ibm_backends_gates_2025-11-29_22:34:10.json
ibm_backends_gates_2025-11-29_22:43:09.json
ibm_backends_gates_2025-11-29_22:30:10.json
ibm_backends_gates_2025-11-29_21:26:04.json
ibm_backends_gates_2025-11-29_22:46:09.json
ibm_backends_gates_2025-11-29_23:07:08.json
ibm_backends_gates_2025-11-29_22:38:09.json
ibm_backends_gates_2025-11-29_22:44:09.json
ibm_backends_gates_2025-11-29_22:35:09.json
ibm_backends_gates_2025-11-29_22:23:10.json
ibm_backends_gates_2025-11-29_22:10:11.json
ibm_backends_gates_2025-11-29_22:37:10.json
ibm_backends_gates_2025-11-29_22:28:09.json
ibm_backends_gates_2025-11-29_22:39:10.json
ibm_backends_gates_2025-11-29_22:42:10.json
ibm_backends_gates_2025-11-29_22:11:10.json
ibm_backends_gates_2025-11-29_22:08:09.json
ibm_backends_gates_2025-11-29_22:26:10.json
ibm_backends_gates_2025-11-29_22:32:09.json
ibm_backends_gates_2025-11-29_22:13:10.json
ibm_backends_gates_2025-11-29_22:07:12.json
ibm_backends_gates_2025-11-29_22:22:10.json
ibm_backends_gates_2025-11-29_22:06:09.json
ibm_backends_gates_2025-11-29_22:14:10.json
ibm_backends_gates_2025-11-29_22:25:09.json
ibm_backends_gates_2025-11-29_22:16:10.json
ibm_backends_gates_2025-11-29_22:19:10.json
ibm_backends_gates_2025-11-29_22:05:10.json
ibm_backends_gates_2025-11-29_22:04:10.json
ibm_backends_gates_2025-11-29_22:12:10.json
ibm_backends_gates_2025-11-29_21:45:37.json
ibm_backends_gates_2025-11-29_22:20:10.json
ibm_backends_gates_2025-11-29_22:15:10.json
ibm_backends_gates_2025-11-29_22:18:09.json
ibm_backends_gates_2025-11-29_22:40:11.json
ibm_backends_gates_2025-11-29_22:33:09.json
ibm_backends_gates_2025-11-29_22:45:11.json
ibm_backends_gates_2025-11-29_22:09:09.json
